<?xml version="1.0" encoding="UTF-8"?>
<!-- Generated by org.testng.reporters.JUnitReportReporter -->
<testsuite hostname="Saileshs-MacBook-Air.local" failures="0" tests="1" name="api.test.AuthTest" time="4.451" errors="0" timestamp="2024-01-06T15:01:40 NPT" skipped="0">
  <testcase classname="api.test.AuthTest" name="postAuth" time="4.451"/>
  <system-out/>
</testsuite> <!-- api.test.AuthTest -->
