<?xml version="1.0" encoding="UTF-8"?>
<!-- Generated by org.testng.reporters.JUnitReportReporter -->
<testsuite hostname="Saileshs-MacBook-Air.local" failures="0" tests="1" name="api.test.UniqueBookingIDs" time="3.856" errors="0" timestamp="2024-01-06T13:34:54 NPT" skipped="0">
  <testcase classname="api.test.UniqueBookingIDs" name="printUniqueBookingIDs" time="3.856"/>
  <system-out/>
</testsuite> <!-- api.test.UniqueBookingIDs -->
