<?xml version="1.0" encoding="UTF-8"?>
<!-- Generated by org.testng.reporters.JUnitReportReporter -->
<testsuite hostname="Saileshs-MacBook-Air.local" failures="0" tests="1" name="api.test.PayloadCreationTest" time="0.244" errors="0" timestamp="2024-01-06T15:26:52 NPT" skipped="0">
  <testcase classname="api.test.PayloadCreationTest" name="createAndPrintPayloads" time="0.244"/>
  <system-out/>
</testsuite> <!-- api.test.PayloadCreationTest -->
